<?xml version="1.0" encoding="UTF-8"?>
<!-- Generated by org.testng.reporters.JUnitXMLReporter -->
<testsuite ignored="0" hostname="Nadine-PC" failures="0" tests="8" name="Default test" time="59.941" errors="0" timestamp="2025-09-25T20:57:33 EET">
  <testcase classname="Automation.MyTestCases" name="SignupTest" time="17.48"/>
  <testcase classname="Automation.MyTestCases" name="LogoutTest" time="1.03"/>
  <testcase classname="Automation.MyTestCases" name="Login" time="5.171"/>
  <testcase classname="Automation.MyTestCases" name="AddItemToTheCart" time="3.953"/>
  <testcase classname="Automation.MyTestCases" name="AddItemToTheCart" time="9.907"/>
  <testcase classname="Automation.MyTestCases" name="AddItemToTheCart" time="8.585"/>
  <testcase classname="Automation.MyTestCases" name="AddItemToTheCart" time="5.576"/>
  <testcase classname="Automation.MyTestCases" name="AddItemToTheCart" time="3.627"/>
</testsuite> <!-- Default test -->
